TN:
SF:src\planet.js
FN:2,(anonymous_0)
FN:11,(anonymous_1)
FN:18,(anonymous_2)
FN:24,(anonymous_3)
FN:29,(anonymous_4)
FN:34,(anonymous_5)
FN:40,roundToTwo
FN:44,timeLeft
FNF:8
FNH:8
FNDA:13,(anonymous_0)
FNDA:5,(anonymous_1)
FNDA:4,(anonymous_2)
FNDA:1,(anonymous_3)
FNDA:1,(anonymous_4)
FNDA:1,(anonymous_5)
FNDA:15,roundToTwo
FNDA:3,timeLeft
DA:3,13
DA:4,13
DA:5,13
DA:6,13
DA:7,13
DA:8,13
DA:12,5
DA:13,5
DA:14,5
DA:15,5
DA:19,4
DA:20,4
DA:21,4
DA:25,1
DA:26,1
DA:30,1
DA:31,1
DA:35,1
DA:36,1
DA:41,15
DA:45,3
DA:46,3
DA:47,0
DA:48,3
DA:49,1
DA:50,2
DA:51,2
DA:53,2
LF:28
LH:27
BRDA:46,0,0,0
BRDA:46,0,1,3
BRDA:48,1,0,1
BRDA:48,1,1,2
BRDA:50,2,0,2
BRDA:50,2,1,0
BRF:6
BRH:4
end_of_record
